components/calculator/room-card.tsx(245,20): error TS2739: Type '{ id: string; type: "Abatible"; }' is missing the following properties from type 'Door': width, height
components/calculator/room-card.tsx(410,46): error TS2367: This comparison appears to be unintentional because the types '"Pintura"' and '"Cer├ímica"' have no overlap.
components/calculator/room-card.tsx(904,20): error TS2304: Cannot find name 'DoorTypeAlias'.
components/calculator/room-card.tsx(940,20): error TS2739: Type '{ id: string; type: "Abatible"; }' is missing the following properties from type 'Door': width, height
components/calculator/room-card.tsx(1060,13): error TS18048: 'element.quantity' is possibly 'undefined'.
components/calculator/room-card.tsx(1821,34): error TS18048: 'room.doorList' is possibly 'undefined'.
components/calculator/room-card.tsx(1882,56): error TS2367: This comparison appears to be unintentional because the types '"Gotel├®"' and '"No se modifica"' have no overlap.
components/calculator/room-card.tsx(2125,47): error TS2739: Type '{ id: string; type: DoorType; }' is missing the following properties from type 'Door': width, height
components/calculator/room-card.tsx(2141,47): error TS2322: Type 'Door | { id: string; type: DoorType; }' is not assignable to type 'Door'.
  Type '{ id: string; type: DoorType; }' is missing the following properties from type 'Door': width, height
components/calculator/room-card.tsx(2141,64): error TS2739: Type '{ id: string; type: DoorType; }' is missing the following properties from type 'Door': width, height
components/calculator/room-card.tsx(2173,33): error TS18048: 'room.newDoorList' is possibly 'undefined'.
components/calculator/room-templates.tsx(61,11): error TS2740: Type '{ id: string; type: RoomType; number: number; doors: number; falseCeiling: false; moldings: false; measurementMode: "rectangular"; width: number; length: number; area: number; perimeter: number; ... 13 more ...; hasDoors: false; }' is missing the following properties from type 'Room': name, wallArea, ceilingArea, ceilingMaterial, and 2 more.
components/calculator/window-manager.tsx(20,54): error TS2345: Argument of type '{ id: string; type: "Ventana simple"; material: "PVC"; opening: "Oscilo-Batiente"; width: number; height: number; hasBlind: false; color: "Blanco"; }' is not assignable to parameter of type 'Window | (() => Window)'.
  Type '{ id: string; type: "Ventana simple"; material: "PVC"; opening: "Oscilo-Batiente"; width: number; height: number; hasBlind: false; color: "Blanco"; }' is missing the following properties from type 'Window': glassType, hasMosquitera
components/calculator/window-manager.tsx(41,18): error TS2345: Argument of type '{ id: string; type: "Ventana simple"; material: "PVC"; opening: "Oscilo-Batiente"; width: number; height: number; hasBlind: false; color: "Blanco"; }' is not assignable to parameter of type 'SetStateAction<Window>'.
  Type '{ id: string; type: "Ventana simple"; material: "PVC"; opening: "Oscilo-Batiente"; width: number; height: number; hasBlind: false; color: "Blanco"; }' is missing the following properties from type 'Window': glassType, hasMosquitera
components/calculator/windows-section.tsx(270,34): error TS2339: Property 'country' does not exist on type 'UserProfile'.
components/calculator/windows-section.tsx(649,40): error TS2339: Property 'country' does not exist on type 'UserProfile'.
components/calculator/windows-section.tsx(803,75): error TS2339: Property 'country' does not exist on type 'UserProfile'.
components/calculator/windows-section.tsx(951,31): error TS2322: Type '{ id: string; placeholder: string; value: string; onChange: (e: ChangeEvent<HTMLInputElement>) => void; className: string; rows: number; }' is not assignable to type 'IntrinsicAttributes & Omit<DetailedHTMLProps<InputHTMLAttributes<HTMLInputElement>, HTMLInputElement>, "ref"> & RefAttributes<...>'.
  Property 'rows' does not exist on type 'IntrinsicAttributes & Omit<DetailedHTMLProps<InputHTMLAttributes<HTMLInputElement>, HTMLInputElement>, "ref"> & RefAttributes<...>'.
components/clients/clients-list.tsx(62,23): error TS2551: Property 'clientAddress' does not exist on type 'Project'. Did you mean 'client_address'?
components/clients/clients-list.tsx(63,42): error TS2551: Property 'clientAddress' does not exist on type 'Project'. Did you mean 'client_address'?
components/clients/clients-list.tsx(73,30): error TS2551: Property 'clientAddress' does not exist on type 'Project'. Did you mean 'client_address'?
components/credits/credit-purchase-dialog.tsx(111,73): error TS2322: Type '() => Promise<string | null>' is not assignable to type '() => Promise<string>'.
  Type 'Promise<string | null>' is not assignable to type 'Promise<string>'.
    Type 'string | null' is not assignable to type 'string'.
      Type 'null' is not assignable to type 'string'.
components/dashboard/create-project-button.tsx(760,25): error TS2322: Type 'string | number | boolean | undefined' is not assignable to type 'string | undefined'.
  Type 'number' is not assignable to type 'string'.
components/dashboard/floor-plan-dashboard.tsx(19,28): error TS2307: Cannot find module '@/components/ui/scroll-area' or its corresponding type declarations.
components/dashboard/homeowner-dashboard.tsx(9,79): error TS2307: Cannot find module '@/components/ui/empty' or its corresponding type declarations.
components/dashboard/professional-dashboard.tsx(4,79): error TS2307: Cannot find module '@/components/ui/empty' or its corresponding type declarations.
components/dashboard/project-card.tsx(106,75): error TS2367: This comparison appears to be unintentional because the types '"rejected" | "sent" | "draft"' and '"accepted"' have no overlap.
components/dashboard/project-card.tsx(251,55): error TS2345: Argument of type 'string | undefined' is not assignable to parameter of type 'string'.
  Type 'undefined' is not assignable to type 'string'.
components/dashboard/project-form.tsx(158,102): error TS2345: Argument of type '{ floorTileThickness: string; wallTileThickness: string; woodExpansionCoef: string; ceramicExpansionCoef: string; containerSize: string; mortarBaseThickness: string; mortarBaseExpansionCoef: string; wallExpansionCoef: string; ceilingThickness: string; ceilingExpansionCoef: string; woodenFloorThickness: string; }' is not assignable to parameter of type 'Record<keyof DemolitionSettings, string> | (() => Record<keyof DemolitionSettings, string>)'.
  Type '{ floorTileThickness: string; wallTileThickness: string; woodExpansionCoef: string; ceramicExpansionCoef: string; containerSize: string; mortarBaseThickness: string; mortarBaseExpansionCoef: string; wallExpansionCoef: string; ceilingThickness: string; ceilingExpansionCoef: string; woodenFloorThickness: string; }' is missing the following properties from type 'Record<keyof DemolitionSettings, string>': wallThickness, woodenFloorExpansionCoef, floorTileExpansionCoef
components/dashboard/project-form.tsx(234,31): error TS2339: Property 'id' does not exist on type 'ProjectFormData'.
components/dashboard/project-form.tsx(424,9): error TS2353: Object literal may only specify known properties, and 'client_street' does not exist in type 'SetStateAction<ProjectFormData>'.
components/dashboard/project-form.tsx(532,18): error TS2365: Operator '+' cannot be applied to types 'string | number' and 'number'.
components/dashboard/project-form.tsx(544,30): error TS2362: The left-hand side of an arithmetic operation must be of type 'any', 'number', 'bigint' or an enum type.
components/dashboard/project-form.tsx(570,9): error TS2367: This comparison appears to be unintentional because the types 'number' and 'string' have no overlap.
components/dashboard/project-form.tsx(573,59): error TS2339: Property 'replace' does not exist on type 'never'.
components/dashboard/project-form.tsx(583,9): error TS2367: This comparison appears to be unintentional because the types 'number' and 'string' have no overlap.
components/dashboard/project-form.tsx(586,58): error TS2339: Property 'replace' does not exist on type 'never'.
components/dashboard/project-form.tsx(596,9): error TS2367: This comparison appears to be unintentional because the types 'number' and 'string' have no overlap.
components/dashboard/project-form.tsx(599,58): error TS2339: Property 'replace' does not exist on type 'never'.
components/dashboard/project-form.tsx(609,9): error TS2367: This comparison appears to be unintentional because the types 'number' and 'string' have no overlap.
components/dashboard/project-form.tsx(612,61): error TS2339: Property 'replace' does not exist on type 'never'.
components/dashboard/project-form.tsx(622,9): error TS2367: This comparison appears to be unintentional because the types 'number' and 'string' have no overlap.
components/dashboard/project-form.tsx(623,62): error TS2339: Property 'replace' does not exist on type 'never'.
components/dashboard/project-form.tsx(630,9): error TS2367: This comparison appears to be unintentional because the types 'number' and 'string' have no overlap.
components/dashboard/project-form.tsx(633,60): error TS2339: Property 'replace' does not exist on type 'never'.
components/dashboard/project-form.tsx(643,9): error TS2367: This comparison appears to be unintentional because the types 'number' and 'string' have no overlap.
components/dashboard/project-form.tsx(646,64): error TS2339: Property 'replace' does not exist on type 'never'.
components/dashboard/project-form.tsx(659,9): error TS2367: This comparison appears to be unintentional because the types 'number' and 'string' have no overlap.
components/dashboard/project-form.tsx(662,58): error TS2339: Property 'replace' does not exist on type 'never'.
components/dashboard/project-form.tsx(672,9): error TS2367: This comparison appears to be unintentional because the types 'number' and 'string' have no overlap.
components/dashboard/project-form.tsx(675,57): error TS2339: Property 'replace' does not exist on type 'never'.
components/dashboard/project-form.tsx(685,9): error TS2367: This comparison appears to be unintentional because the types 'number' and 'string' have no overlap.
components/dashboard/project-form.tsx(688,61): error TS2339: Property 'replace' does not exist on type 'never'.
components/dashboard/project-form.tsx(698,9): error TS2367: This comparison appears to be unintentional because the types 'number' and 'string' have no overlap.
components/dashboard/project-form.tsx(701,61): error TS2339: Property 'replace' does not exist on type 'never'.
components/dashboard/project-form.tsx(717,25): error TS2345: Argument of type '{ floorTileThickness: string; wallTileThickness: string; woodExpansionCoef: string; ceramicExpansionCoef: string; containerSize: string; mortarBaseThickness: string; mortarBaseExpansionCoef: string; wallExpansionCoef: string; ceilingThickness: string; ceilingExpansionCoef: string; woodenFloorThickness: string; }' is not assignable to parameter of type 'SetStateAction<Record<keyof DemolitionSettings, string>>'.
  Type '{ floorTileThickness: string; wallTileThickness: string; woodExpansionCoef: string; ceramicExpansionCoef: string; containerSize: string; mortarBaseThickness: string; mortarBaseExpansionCoef: string; wallExpansionCoef: string; ceilingThickness: string; ceilingExpansionCoef: string; woodenFloorThickness: string; }' is missing the following properties from type 'Record<keyof DemolitionSettings, string>': wallThickness, woodenFloorExpansionCoef, floorTileExpansionCoef
components/dashboard/project-form.tsx(873,47): error TS2339: Property 'replace' does not exist on type 'never'.
components/dashboard/project-form.tsx(953,51): error TS2345: Argument of type '{ electricalSettings: string; }' is not assignable to parameter of type 'GlobalConfig'.
  Type '{ electricalSettings: string; }' is missing the following properties from type 'GlobalConfig': standardHeight, removeWoodenFloor
components/dashboard/project-form.tsx(1004,69): error TS2339: Property 'replace' does not exist on type 'never'.
components/dashboard/project-form.tsx(1011,68): error TS2339: Property 'replace' does not exist on type 'never'.
components/dashboard/project-form.tsx(1018,68): error TS2339: Property 'replace' does not exist on type 'never'.
components/dashboard/project-form.tsx(1023,71): error TS2339: Property 'replace' does not exist on type 'never'.
components/dashboard/project-form.tsx(1028,64): error TS2339: Property 'replace' does not exist on type 'never'.
components/dashboard/project-form.tsx(1035,70): error TS2339: Property 'replace' does not exist on type 'never'.
components/dashboard/project-form.tsx(1042,74): error TS2339: Property 'replace' does not exist on type 'never'.
components/dashboard/project-form.tsx(1049,68): error TS2339: Property 'replace' does not exist on type 'never'.
components/dashboard/project-form.tsx(1054,67): error TS2339: Property 'replace' does not exist on type 'never'.
components/dashboard/project-form.tsx(1061,71): error TS2339: Property 'replace' does not exist on type 'never'.
components/dashboard/project-form.tsx(1065,27): error TS2339: Property 'woodThickness' does not exist on type '{ wallThickness: number; floorTileThickness: number; wallTileThickness: number; woodExpansionCoef: number; ceramicExpansionCoef: number; containerSize: number; floorTileExpansionCoef: number; ... 6 more ...; ceilingExpansionCoef: number; }'.
components/dashboard/project-form.tsx(1066,50): error TS2339: Property 'woodThickness' does not exist on type '{ wallThickness: number; floorTileThickness: number; wallTileThickness: number; woodExpansionCoef: number; ceramicExpansionCoef: number; containerSize: number; floorTileExpansionCoef: number; ... 6 more ...; ceilingExpansionCoef: number; }'.
components/dashboard/project-form.tsx(1067,18): error TS2339: Property 'woodThickness' does not exist on type '{ wallThickness: number; floorTileThickness: number; wallTileThickness: number; woodExpansionCoef: number; ceramicExpansionCoef: number; containerSize: number; floorTileExpansionCoef: number; ... 6 more ...; ceilingExpansionCoef: number; }'.
components/dashboard/project-form.tsx(1322,23): error TS2322: Type 'string | number | boolean | undefined' is not assignable to type 'string | undefined'.
  Type 'number' is not assignable to type 'string'.
components/dashboard/project-form.tsx(1420,41): error TS2339: Property 'client_street' does not exist on type 'ProjectFormData'.
components/floor-plan-editor/EditorContainer.tsx(1282,31): error TS2322: Type 'Door | { id: string; wallId: string; t: number; width: number; flipX: false; flipY: false; }' is not assignable to type 'Door'.
  Property 'height' is missing in type '{ id: string; wallId: string; t: number; width: number; flipX: false; flipY: false; }' but required in type 'Door'.
components/floor-plan-editor/EditorContainer.tsx(1282,41): error TS2741: Property 'height' is missing in type '{ id: string; wallId: string; t: number; width: number; flipX: false; flipY: false; }' but required in type 'Door'.
components/floor-plan-editor/EditorContainer.tsx(1897,69): error TS7006: Parameter 'prev' implicitly has an 'any' type.
components/landing/pricing.tsx(302,38): error TS2339: Property 'note' does not exist on type '{ text: string; included: boolean; } | { text: string; included: boolean; } | { text: string; included: boolean; } | { text: string; included: boolean; } | { text: string; included: boolean; } | { text: string; included: boolean; note: string; } | ... 32 more ... | { ...; }'.
  Property 'note' does not exist on type '{ text: string; included: boolean; }'.
components/landing/pricing.tsx(303,94): error TS2339: Property 'note' does not exist on type '{ text: string; included: boolean; } | { text: string; included: boolean; } | { text: string; included: boolean; } | { text: string; included: boolean; } | { text: string; included: boolean; } | { text: string; included: boolean; note: string; } | ... 32 more ... | { ...; }'.
  Property 'note' does not exist on type '{ text: string; included: boolean; }'.
components/leads/claim-lead-dialog.tsx(114,39): error TS2339: Property 'CLAIM_WINDOW_DAYS' does not exist on type '{ readonly MAX_COMPANIES_PER_LEAD: 3; readonly LEAD_EXPIRATION_DAYS: 30; readonly MIN_DAYS_BEFORE_CLAIM: 2; readonly MAX_DAYS_TO_CLAIM: 7; readonly REFUND_PERCENTAGE: 0.75; readonly MIN_CALL_ATTEMPTS: 3; readonly MAX_CLAIM_REJECTION_BEFORE_FLAG: 3; }'.
components/leads/landing-phone-verification-modal.tsx(223,17): error TS2322: Type '{ value: string; onChange: (value: string) => void; defaultCountry: string; placeholder: string; }' is not assignable to type 'IntrinsicAttributes & PhoneInputWithCountryProps'.
  Property 'placeholder' does not exist on type 'IntrinsicAttributes & PhoneInputWithCountryProps'.
components/leads/marketplace-client.tsx(199,33): error TS2339: Property 'address_city' does not exist on type 'LeadRequest'.
components/leads/marketplace-client.tsx(199,54): error TS2339: Property 'address_province' does not exist on type 'LeadRequest'.
components/leads/marketplace-client.tsx(211,29): error TS2339: Property 'homeowner_description' does not exist on type 'LeadRequest'.
components/leads/marketplace-client.tsx(212,72): error TS2339: Property 'homeowner_description' does not exist on type 'LeadRequest'.
components/leads/marketplace-client.tsx(218,45): error TS2339: Property 'homeowner_name' does not exist on type 'LeadRequest'.
components/leads/marketplace-client.tsx(219,46): error TS2339: Property 'homeowner_phone' does not exist on type 'LeadRequest'.
components/leads/marketplace-client.tsx(220,43): error TS2551: Property 'homeowner_email' does not exist on type 'LeadRequest'. Did you mean 'homeowner_id'?
components/leads/marketplace-client.tsx(242,11): error TS2322: Type '{ lead: LeadRequest; open: boolean; onOpenChange: Dispatch<SetStateAction<boolean>>; onSuccess: () => void; isAdmin: boolean; }' is not assignable to type 'IntrinsicAttributes & AccessLeadDialogProps'.
  Property 'open' does not exist on type 'IntrinsicAttributes & AccessLeadDialogProps'.
components/precios/admin-price-editor.tsx(51,22): error TS7006: Parameter 'item' implicitly has an 'any' type.
components/precios/price-create-dialog.tsx(3,13): error TS2300: Duplicate identifier 'React'.
components/precios/price-create-dialog.tsx(5,8): error TS2300: Duplicate identifier 'React'.
components/project/contract-tab.tsx(371,28): error TS2345: Argument of type '{ margin: number[]; filename: string; image: { type: string; quality: number; }; html2canvas: { scale: number; useCORS: boolean; letterRendering: boolean; logging: boolean; width: number; windowWidth: number; }; jsPDF: { ...; }; pagebreak: { ...; }; }' is not assignable to parameter of type 'Html2PdfOptions'.
  Types of property 'margin' are incompatible.
    Type 'number[]' is not assignable to type 'number | [number, number] | [number, number, number, number] | undefined'.
      Type 'number[]' is not assignable to type '[number, number] | [number, number, number, number]'.
        Type 'number[]' is not assignable to type '[number, number, number, number]'.
          Target requires 4 element(s) but source may have fewer.
components/ui/sheet.tsx(20,26): error TS2322: Type '{ children?: ReactNode; container?: Element | DocumentFragment | null | undefined; forceMount?: true | undefined; className: string; }' is not assignable to type 'IntrinsicAttributes & DialogPortalProps'.
  Property 'className' does not exist on type 'IntrinsicAttributes & DialogPortalProps'.
hooks/use-budget-notifications.ts(23,10): error TS7006: Parameter 'payload' implicitly has an 'any' type.
hooks/use-budget-notifications.ts(36,10): error TS7006: Parameter 'payload' implicitly has an 'any' type.
hooks/use-budget-notifications.ts(49,10): error TS7006: Parameter 'payload' implicitly has an 'any' type.
lib/services/appointment-service.ts(101,53): error TS7006: Parameter 'a' implicitly has an 'any' type.
lib/services/appointment-service.ts(113,28): error TS7006: Parameter 'p' implicitly has an 'any' type.
lib/services/appointment-service.ts(117,29): error TS7006: Parameter 'appointment' implicitly has an 'any' type.
lib/services/budget-service.ts(365,42): error TS2339: Property 'code' does not exist on type '{ description: string; quantity: number; unit: string; category: string; model?: string | undefined; color?: string | undefined; brand?: string | undefined; sort_order: number; unit_price: number; ... 5 more ...; price_type?: "custom" | ... 2 more ... | undefined; }'.
lib/services/budget-service.ts(366,34): error TS2339: Property 'code' does not exist on type '{ description: string; quantity: number; unit: string; category: string; model?: string | undefined; color?: string | undefined; brand?: string | undefined; sort_order: number; unit_price: number; ... 5 more ...; price_type?: "custom" | ... 2 more ... | undefined; }'.
lib/services/client-service.ts(34,59): error TS7006: Parameter 'p' implicitly has an 'any' type.
lib/services/credits-service.ts(8,13): error TS18047: 'supabase' is possibly 'null'.
lib/services/credits-service.ts(14,33): error TS18047: 'supabase' is possibly 'null'.
lib/services/credits-service.ts(39,27): error TS18047: 'supabase' is possibly 'null'.
lib/services/demolition-service.ts(5,7): error TS2740: Type '{ wallThickness: number; floorTileThickness: number; wallTileThickness: number; woodExpansionCoef: number; woodenFloorThickness: number; woodenFloorExpansionCoef: number; ceramicExpansionCoef: number; containerSize: number; }' is missing the following properties from type 'DemolitionSettings': floorTileExpansionCoef, mortarBaseThickness, mortarBaseExpansionCoef, wallExpansionCoef, and 2 more.
lib/services/price-service.ts(559,24): error TS7006: Parameter 'p' implicitly has an 'any' type.
lib/services/price-service.ts(583,22): error TS7006: Parameter 'p' implicitly has an 'any' type.
lib/services/price-service.ts(641,57): error TS7006: Parameter 'p' implicitly has an 'any' type.
lib/services/price-service.ts(643,58): error TS7006: Parameter 'mp' implicitly has an 'any' type.
lib/services/price-service.ts(652,49): error TS7006: Parameter 'mp' implicitly has an 'any' type.
lib/services/price-service.ts(677,58): error TS7006: Parameter 'p' implicitly has an 'any' type.
lib/services/price-service.ts(722,18): error TS7006: Parameter 'price' implicitly has an 'any' type.
lib/services/price-service.ts(785,57): error TS7006: Parameter 'p' implicitly has an 'any' type.
lib/services/price-service.ts(789,14): error TS7006: Parameter 'mp' implicitly has an 'any' type.
lib/services/price-service.ts(790,11): error TS7006: Parameter 'mp' implicitly has an 'any' type.
lib/services/price-service.ts(815,58): error TS7006: Parameter 'p' implicitly has an 'any' type.
lib/services/price-service.ts(839,18): error TS7006: Parameter 'price' implicitly has an 'any' type.
lib/subscription.ts(25,26): error TS2554: Expected 3 arguments, but got 0.
lib/types/calculator.ts(1,27): error TS2307: Cannot find module './room' or its corresponding type declarations.
lib/types/calculator.ts(2,35): error TS2307: Cannot find module './globalConfig' or its corresponding type declarations.
lib/utils/credit-calculator.ts(35,7): error TS2367: This comparison appears to be unintentional because the types 'SubscriptionPlan' and '"enterprise"' have no overlap.
lib/utils/credit-calculator.ts(35,36): error TS2367: This comparison appears to be unintentional because the types 'SubscriptionPlan' and '"professional"' have no overlap.
lib/utils/generate-window-report-pdf.tsx(83,18): error TS7006: Parameter 'photo' implicitly has an 'any' type.
